  gl.c
  glad.c
  Generating Code...
gl.obj : warning LNK4006: GLAD_GL_VERSION_1_0 already defined in glad.obj; second definition ignored
gl.obj : warning LNK4006: GLAD_GL_VERSION_1_1 already defined in glad.obj; second definition ignored
gl.obj : warning LNK4006: GLAD_GL_VERSION_1_2 already defined in glad.obj; second definition ignored
gl.obj : warning LNK4006: GLAD_GL_VERSION_1_3 already defined in glad.obj; second definition ignored
gl.obj : warning LNK4006: GLAD_GL_VERSION_1_4 already defined in glad.obj; second definition ignored
gl.obj : warning LNK4006: GLAD_GL_VERSION_1_5 already defined in glad.obj; second definition ignored
gl.obj : warning LNK4006: GLAD_GL_VERSION_2_0 already defined in glad.obj; second definition ignored
gl.obj : warning LNK4006: GLAD_GL_VERSION_2_1 already defined in glad.obj; second definition ignored
gl.obj : warning LNK4006: GLAD_GL_VERSION_3_0 already defined in glad.obj; second definition ignored
gl.obj : warning LNK4006: GLAD_GL_VERSION_3_1 already defined in glad.obj; second definition ignored
gl.obj : warning LNK4006: GLAD_GL_VERSION_3_2 already defined in glad.obj; second definition ignored
gl.obj : warning LNK4006: GLAD_GL_VERSION_3_3 already defined in glad.obj; second definition ignored
gl.obj : warning LNK4006: GLAD_GL_VERSION_4_0 already defined in glad.obj; second definition ignored
gl.obj : warning LNK4006: GLAD_GL_VERSION_4_1 already defined in glad.obj; second definition ignored
gl.obj : warning LNK4006: GLAD_GL_VERSION_4_2 already defined in glad.obj; second definition ignored
gl.obj : warning LNK4006: GLAD_GL_VERSION_4_3 already defined in glad.obj; second definition ignored
gl.obj : warning LNK4006: GLAD_GL_VERSION_4_4 already defined in glad.obj; second definition ignored
gl.obj : warning LNK4006: GLAD_GL_VERSION_4_5 already defined in glad.obj; second definition ignored
gl.obj : warning LNK4006: GLAD_GL_VERSION_4_6 already defined in glad.obj; second definition ignored
gl.obj : warning LNK4006: glad_glActiveShaderProgram already defined in glad.obj; second definition ignored
gl.obj : warning LNK4006: glad_glActiveTexture already defined in glad.obj; second definition ignored
gl.obj : warning LNK4006: glad_glAttachShader already defined in glad.obj; second definition ignored
gl.obj : warning LNK4006: glad_glBeginConditionalRender already defined in glad.obj; second definition ignored
gl.obj : warning LNK4006: glad_glBeginQuery already defined in glad.obj; second definition ignored
gl.obj : warning LNK4006: glad_glBeginQueryIndexed already defined in glad.obj; second definition ignored
gl.obj : warning LNK4006: glad_glBeginTransformFeedback already defined in glad.obj; second definition ignored
gl.obj : warning LNK4006: glad_glBindAttribLocation already defined in glad.obj; second definition ignored
gl.obj : warning LNK4006: glad_glBindBuffer already defined in glad.obj; second definition ignored
gl.obj : warning LNK4006: glad_glBindBufferBase already defined in glad.obj; second definition ignored
gl.obj : warning LNK4006: glad_glBindBufferRange already defined in glad.obj; second definition ignored
gl.obj : warning LNK4006: glad_glBindBuffersBase already defined in glad.obj; second definition ignored
gl.obj : warning LNK4006: glad_glBindBuffersRange already defined in glad.obj; second definition ignored
gl.obj : warning LNK4006: glad_glBindFragDataLocation already defined in glad.obj; second definition ignored
gl.obj : warning LNK4006: glad_glBindFragDataLocationIndexed already defined in glad.obj; second definition ignored
gl.obj : warning LNK4006: glad_glBindFramebuffer already defined in glad.obj; second definition ignored
gl.obj : warning LNK4006: glad_glBindImageTexture already defined in glad.obj; second definition ignored
gl.obj : warning LNK4006: glad_glBindImageTextures already defined in glad.obj; second definition ignored
gl.obj : warning LNK4006: glad_glBindProgramPipeline already defined in glad.obj; second definition ignored
gl.obj : warning LNK4006: glad_glBindRenderbuffer already defined in glad.obj; second definition ignored
gl.obj : warning LNK4006: glad_glBindSampler already defined in glad.obj; second definition ignored
gl.obj : warning LNK4006: glad_glBindSamplers already defined in glad.obj; second definition ignored
gl.obj : warning LNK4006: glad_glBindTexture already defined in glad.obj; second definition ignored
gl.obj : warning LNK4006: glad_glBindTextureUnit already defined in glad.obj; second definition ignored
gl.obj : warning LNK4006: glad_glBindTextures already defined in glad.obj; second definition ignored
gl.obj : warning LNK4006: glad_glBindTransformFeedback already defined in glad.obj; second definition ignored
gl.obj : warning LNK4006: glad_glBindVertexArray already defined in glad.obj; second definition ignored
gl.obj : warning LNK4006: glad_glBindVertexBuffer already defined in glad.obj; second definition ignored
gl.obj : warning LNK4006: glad_glBindVertexBuffers already defined in glad.obj; second definition ignored
gl.obj : warning LNK4006: glad_glBlendColor already defined in glad.obj; second definition ignored
gl.obj : warning LNK4006: glad_glBlendEquation already defined in glad.obj; second definition ignored
gl.obj : warning LNK4006: glad_glBlendEquationSeparate already defined in glad.obj; second definition ignored
gl.obj : warning LNK4006: glad_glBlendEquationSeparatei already defined in glad.obj; second definition ignored
gl.obj : warning LNK4006: glad_glBlendEquationi already defined in glad.obj; second definition ignored
gl.obj : warning LNK4006: glad_glBlendFunc already defined in glad.obj; second definition ignored
gl.obj : warning LNK4006: glad_glBlendFuncSeparate already defined in glad.obj; second definition ignored
gl.obj : warning LNK4006: glad_glBlendFuncSeparatei already defined in glad.obj; second definition ignored
gl.obj : warning LNK4006: glad_glBlendFunci already defined in glad.obj; second definition ignored
gl.obj : warning LNK4006: glad_glBlitFramebuffer already defined in glad.obj; second definition ignored
gl.obj : warning LNK4006: glad_glBlitNamedFramebuffer already defined in glad.obj; second definition ignored
gl.obj : warning LNK4006: glad_glBufferData already defined in glad.obj; second definition ignored
gl.obj : warning LNK4006: glad_glBufferStorage already defined in glad.obj; second definition ignored
gl.obj : warning LNK4006: glad_glBufferSubData already defined in glad.obj; second definition ignored
gl.obj : warning LNK4006: glad_glCheckFramebufferStatus already defined in glad.obj; second definition ignored
gl.obj : warning LNK4006: glad_glCheckNamedFramebufferStatus already defined in glad.obj; second definition ignored
gl.obj : warning LNK4006: glad_glClampColor already defined in glad.obj; second definition ignored
gl.obj : warning LNK4006: glad_glClear already defined in glad.obj; second definition ignored
gl.obj : warning LNK4006: glad_glClearBufferData already defined in glad.obj; second definition ignored
gl.obj : warning LNK4006: glad_glClearBufferSubData already defined in glad.obj; second definition ignored
gl.obj : warning LNK4006: glad_glClearBufferfi already defined in glad.obj; second definition ignored
gl.obj : warning LNK4006: glad_glClearBufferfv already defined in glad.obj; second definition ignored
gl.obj : warning LNK4006: glad_glClearBufferiv already defined in glad.obj; second definition ignored
gl.obj : warning LNK4006: glad_glClearBufferuiv already defined in glad.obj; second definition ignored
gl.obj : warning LNK4006: glad_glClearColor already defined in glad.obj; second definition ignored
gl.obj : warning LNK4006: glad_glClearDepth already defined in glad.obj; second definition ignored
gl.obj : warning LNK4006: glad_glClearDepthf already defined in glad.obj; second definition ignored
gl.obj : warning LNK4006: glad_glClearNamedBufferData already defined in glad.obj; second definition ignored
gl.obj : warning LNK4006: glad_glClearNamedBufferSubData already defined in glad.obj; second definition ignored
gl.obj : warning LNK4006: glad_glClearNamedFramebufferfi already defined in glad.obj; second definition ignored
gl.obj : warning LNK4006: glad_glClearNamedFramebufferfv already defined in glad.obj; second definition ignored
gl.obj : warning LNK4006: glad_glClearNamedFramebufferiv already defined in glad.obj; second definition ignored
gl.obj : warning LNK4006: glad_glClearNamedFramebufferuiv already defined in glad.obj; second definition ignored
gl.obj : warning LNK4006: glad_glClearStencil already defined in glad.obj; second definition ignored
gl.obj : warning LNK4006: glad_glClearTexImage already defined in glad.obj; second definition ignored
gl.obj : warning LNK4006: glad_glClearTexSubImage already defined in glad.obj; second definition ignored
gl.obj : warning LNK4006: glad_glClientWaitSync already defined in glad.obj; second definition ignored
gl.obj : warning LNK4006: glad_glClipControl already defined in glad.obj; second definition ignored
gl.obj : warning LNK4006: glad_glColorMask already defined in glad.obj; second definition ignored
gl.obj : warning LNK4006: glad_glColorMaski already defined in glad.obj; second definition ignored
gl.obj : warning LNK4006: glad_glCompileShader already defined in glad.obj; second definition ignored
gl.obj : warning LNK4006: glad_glCompressedTexImage1D already defined in glad.obj; second definition ignored
gl.obj : warning LNK4006: glad_glCompressedTexImage2D already defined in glad.obj; second definition ignored
gl.obj : warning LNK4006: glad_glCompressedTexImage3D already defined in glad.obj; second definition ignored
gl.obj : warning LNK4006: glad_glCompressedTexSubImage1D already defined in glad.obj; second definition ignored
gl.obj : warning LNK4006: glad_glCompressedTexSubImage2D already defined in glad.obj; second definition ignored
gl.obj : warning LNK4006: glad_glCompressedTexSubImage3D already defined in glad.obj; second definition ignored
gl.obj : warning LNK4006: glad_glCompressedTextureSubImage1D already defined in glad.obj; second definition ignored
gl.obj : warning LNK4006: glad_glCompressedTextureSubImage2D already defined in glad.obj; second definition ignored
gl.obj : warning LNK4006: glad_glCompressedTextureSubImage3D already defined in glad.obj; second definition ignored
gl.obj : warning LNK4006: glad_glCopyBufferSubData already defined in glad.obj; second definition ignored
gl.obj : warning LNK4006: glad_glCopyImageSubData already defined in glad.obj; second definition ignored
gl.obj : warning LNK4006: glad_glCopyNamedBufferSubData already defined in glad.obj; second definition ignored
gl.obj : warning LNK4006: glad_glCopyTexImage1D already defined in glad.obj; second definition ignored
gl.obj : warning LNK4006: glad_glCopyTexImage2D already defined in glad.obj; second definition ignored
gl.obj : warning LNK4006: glad_glCopyTexSubImage1D already defined in glad.obj; second definition ignored
gl.obj : warning LNK4006: glad_glCopyTexSubImage2D already defined in glad.obj; second definition ignored
gl.obj : warning LNK4006: glad_glCopyTexSubImage3D already defined in glad.obj; second definition ignored
gl.obj : warning LNK4006: glad_glCopyTextureSubImage1D already defined in glad.obj; second definition ignored
gl.obj : warning LNK4006: glad_glCopyTextureSubImage2D already defined in glad.obj; second definition ignored
gl.obj : warning LNK4006: glad_glCopyTextureSubImage3D already defined in glad.obj; second definition ignored
gl.obj : warning LNK4006: glad_glCreateBuffers already defined in glad.obj; second definition ignored
gl.obj : warning LNK4006: glad_glCreateFramebuffers already defined in glad.obj; second definition ignored
gl.obj : warning LNK4006: glad_glCreateProgram already defined in glad.obj; second definition ignored
gl.obj : warning LNK4006: glad_glCreateProgramPipelines already defined in glad.obj; second definition ignored
gl.obj : warning LNK4006: glad_glCreateQueries already defined in glad.obj; second definition ignored
gl.obj : warning LNK4006: glad_glCreateRenderbuffers already defined in glad.obj; second definition ignored
gl.obj : warning LNK4006: glad_glCreateSamplers already defined in glad.obj; second definition ignored
gl.obj : warning LNK4006: glad_glCreateShader already defined in glad.obj; second definition ignored
gl.obj : warning LNK4006: glad_glCreateShaderProgramv already defined in glad.obj; second definition ignored
gl.obj : warning LNK4006: glad_glCreateTextures already defined in glad.obj; second definition ignored
gl.obj : warning LNK4006: glad_glCreateTransformFeedbacks already defined in glad.obj; second definition ignored
gl.obj : warning LNK4006: glad_glCreateVertexArrays already defined in glad.obj; second definition ignored
gl.obj : warning LNK4006: glad_glCullFace already defined in glad.obj; second definition ignored
gl.obj : warning LNK4006: glad_glDebugMessageCallback already defined in glad.obj; second definition ignored
gl.obj : warning LNK4006: glad_glDebugMessageControl already defined in glad.obj; second definition ignored
gl.obj : warning LNK4006: glad_glDebugMessageInsert already defined in glad.obj; second definition ignored
gl.obj : warning LNK4006: glad_glDeleteBuffers already defined in glad.obj; second definition ignored
gl.obj : warning LNK4006: glad_glDeleteFramebuffers already defined in glad.obj; second definition ignored
gl.obj : warning LNK4006: glad_glDeleteProgram already defined in glad.obj; second definition ignored
gl.obj : warning LNK4006: glad_glDeleteProgramPipelines already defined in glad.obj; second definition ignored
gl.obj : warning LNK4006: glad_glDeleteQueries already defined in glad.obj; second definition ignored
gl.obj : warning LNK4006: glad_glDeleteRenderbuffers already defined in glad.obj; second definition ignored
gl.obj : warning LNK4006: glad_glDeleteSamplers already defined in glad.obj; second definition ignored
gl.obj : warning LNK4006: glad_glDeleteShader already defined in glad.obj; second definition ignored
gl.obj : warning LNK4006: glad_glDeleteSync already defined in glad.obj; second definition ignored
gl.obj : warning LNK4006: glad_glDeleteTextures already defined in glad.obj; second definition ignored
gl.obj : warning LNK4006: glad_glDeleteTransformFeedbacks already defined in glad.obj; second definition ignored
gl.obj : warning LNK4006: glad_glDeleteVertexArrays already defined in glad.obj; second definition ignored
gl.obj : warning LNK4006: glad_glDepthFunc already defined in glad.obj; second definition ignored
gl.obj : warning LNK4006: glad_glDepthMask already defined in glad.obj; second definition ignored
gl.obj : warning LNK4006: glad_glDepthRange already defined in glad.obj; second definition ignored
gl.obj : warning LNK4006: glad_glDepthRangeArrayv already defined in glad.obj; second definition ignored
gl.obj : warning LNK4006: glad_glDepthRangeIndexed already defined in glad.obj; second definition ignored
gl.obj : warning LNK4006: glad_glDepthRangef already defined in glad.obj; second definition ignored
gl.obj : warning LNK4006: glad_glDetachShader already defined in glad.obj; second definition ignored
gl.obj : warning LNK4006: glad_glDisable already defined in glad.obj; second definition ignored
gl.obj : warning LNK4006: glad_glDisableVertexArrayAttrib already defined in glad.obj; second definition ignored
gl.obj : warning LNK4006: glad_glDisableVertexAttribArray already defined in glad.obj; second definition ignored
gl.obj : warning LNK4006: glad_glDisablei already defined in glad.obj; second definition ignored
gl.obj : warning LNK4006: glad_glDispatchCompute already defined in glad.obj; second definition ignored
gl.obj : warning LNK4006: glad_glDispatchComputeIndirect already defined in glad.obj; second definition ignored
gl.obj : warning LNK4006: glad_glDrawArrays already defined in glad.obj; second definition ignored
gl.obj : warning LNK4006: glad_glDrawArraysIndirect already defined in glad.obj; second definition ignored
gl.obj : warning LNK4006: glad_glDrawArraysInstanced already defined in glad.obj; second definition ignored
gl.obj : warning LNK4006: glad_glDrawArraysInstancedBaseInstance already defined in glad.obj; second definition ignored
gl.obj : warning LNK4006: glad_glDrawBuffer already defined in glad.obj; second definition ignored
gl.obj : warning LNK4006: glad_glDrawBuffers already defined in glad.obj; second definition ignored
gl.obj : warning LNK4006: glad_glDrawElements already defined in glad.obj; second definition ignored
gl.obj : warning LNK4006: glad_glDrawElementsBaseVertex already defined in glad.obj; second definition ignored
gl.obj : warning LNK4006: glad_glDrawElementsIndirect already defined in glad.obj; second definition ignored
gl.obj : warning LNK4006: glad_glDrawElementsInstanced already defined in glad.obj; second definition ignored
gl.obj : warning LNK4006: glad_glDrawElementsInstancedBaseInstance already defined in glad.obj; second definition ignored
gl.obj : warning LNK4006: glad_glDrawElementsInstancedBaseVertex already defined in glad.obj; second definition ignored
gl.obj : warning LNK4006: glad_glDrawElementsInstancedBaseVertexBaseInstance already defined in glad.obj; second definition ignored
gl.obj : warning LNK4006: glad_glDrawRangeElements already defined in glad.obj; second definition ignored
gl.obj : warning LNK4006: glad_glDrawRangeElementsBaseVertex already defined in glad.obj; second definition ignored
gl.obj : warning LNK4006: glad_glDrawTransformFeedback already defined in glad.obj; second definition ignored
gl.obj : warning LNK4006: glad_glDrawTransformFeedbackInstanced already defined in glad.obj; second definition ignored
gl.obj : warning LNK4006: glad_glDrawTransformFeedbackStream already defined in glad.obj; second definition ignored
gl.obj : warning LNK4006: glad_glDrawTransformFeedbackStreamInstanced already defined in glad.obj; second definition ignored
gl.obj : warning LNK4006: glad_glEnable already defined in glad.obj; second definition ignored
gl.obj : warning LNK4006: glad_glEnableVertexArrayAttrib already defined in glad.obj; second definition ignored
gl.obj : warning LNK4006: glad_glEnableVertexAttribArray already defined in glad.obj; second definition ignored
gl.obj : warning LNK4006: glad_glEnablei already defined in glad.obj; second definition ignored
gl.obj : warning LNK4006: glad_glEndConditionalRender already defined in glad.obj; second definition ignored
gl.obj : warning LNK4006: glad_glEndQuery already defined in glad.obj; second definition ignored
gl.obj : warning LNK4006: glad_glEndQueryIndexed already defined in glad.obj; second definition ignored
gl.obj : warning LNK4006: glad_glEndTransformFeedback already defined in glad.obj; second definition ignored
gl.obj : warning LNK4006: glad_glFenceSync already defined in glad.obj; second definition ignored
gl.obj : warning LNK4006: glad_glFinish already defined in glad.obj; second definition ignored
gl.obj : warning LNK4006: glad_glFlush already defined in glad.obj; second definition ignored
gl.obj : warning LNK4006: glad_glFlushMappedBufferRange already defined in glad.obj; second definition ignored
gl.obj : warning LNK4006: glad_glFlushMappedNamedBufferRange already defined in glad.obj; second definition ignored
gl.obj : warning LNK4006: glad_glFramebufferParameteri already defined in glad.obj; second definition ignored
gl.obj : warning LNK4006: glad_glFramebufferRenderbuffer already defined in glad.obj; second definition ignored
gl.obj : warning LNK4006: glad_glFramebufferTexture already defined in glad.obj; second definition ignored
gl.obj : warning LNK4006: glad_glFramebufferTexture1D already defined in glad.obj; second definition ignored
gl.obj : warning LNK4006: glad_glFramebufferTexture2D already defined in glad.obj; second definition ignored
gl.obj : warning LNK4006: glad_glFramebufferTexture3D already defined in glad.obj; second definition ignored
gl.obj : warning LNK4006: glad_glFramebufferTextureLayer already defined in glad.obj; second definition ignored
gl.obj : warning LNK4006: glad_glFrontFace already defined in glad.obj; second definition ignored
gl.obj : warning LNK4006: glad_glGenBuffers already defined in glad.obj; second definition ignored
gl.obj : warning LNK4006: glad_glGenFramebuffers already defined in glad.obj; second definition ignored
gl.obj : warning LNK4006: glad_glGenProgramPipelines already defined in glad.obj; second definition ignored
gl.obj : warning LNK4006: glad_glGenQueries already defined in glad.obj; second definition ignored
gl.obj : warning LNK4006: glad_glGenRenderbuffers already defined in glad.obj; second definition ignored
gl.obj : warning LNK4006: glad_glGenSamplers already defined in glad.obj; second definition ignored
gl.obj : warning LNK4006: glad_glGenTextures already defined in glad.obj; second definition ignored
gl.obj : warning LNK4006: glad_glGenTransformFeedbacks already defined in glad.obj; second definition ignored
gl.obj : warning LNK4006: glad_glGenVertexArrays already defined in glad.obj; second definition ignored
gl.obj : warning LNK4006: glad_glGenerateMipmap already defined in glad.obj; second definition ignored
gl.obj : warning LNK4006: glad_glGenerateTextureMipmap already defined in glad.obj; second definition ignored
gl.obj : warning LNK4006: glad_glGetActiveAtomicCounterBufferiv already defined in glad.obj; second definition ignored
gl.obj : warning LNK4006: glad_glGetActiveAttrib already defined in glad.obj; second definition ignored
gl.obj : warning LNK4006: glad_glGetActiveSubroutineName already defined in glad.obj; second definition ignored
gl.obj : warning LNK4006: glad_glGetActiveSubroutineUniformName already defined in glad.obj; second definition ignored
gl.obj : warning LNK4006: glad_glGetActiveSubroutineUniformiv already defined in glad.obj; second definition ignored
gl.obj : warning LNK4006: glad_glGetActiveUniform already defined in glad.obj; second definition ignored
gl.obj : warning LNK4006: glad_glGetActiveUniformBlockName already defined in glad.obj; second definition ignored
gl.obj : warning LNK4006: glad_glGetActiveUniformBlockiv already defined in glad.obj; second definition ignored
gl.obj : warning LNK4006: glad_glGetActiveUniformName already defined in glad.obj; second definition ignored
gl.obj : warning LNK4006: glad_glGetActiveUniformsiv already defined in glad.obj; second definition ignored
gl.obj : warning LNK4006: glad_glGetAttachedShaders already defined in glad.obj; second definition ignored
gl.obj : warning LNK4006: glad_glGetAttribLocation already defined in glad.obj; second definition ignored
gl.obj : warning LNK4006: glad_glGetBooleani_v already defined in glad.obj; second definition ignored
gl.obj : warning LNK4006: glad_glGetBooleanv already defined in glad.obj; second definition ignored
gl.obj : warning LNK4006: glad_glGetBufferParameteri64v already defined in glad.obj; second definition ignored
gl.obj : warning LNK4006: glad_glGetBufferParameteriv already defined in glad.obj; second definition ignored
gl.obj : warning LNK4006: glad_glGetBufferPointerv already defined in glad.obj; second definition ignored
gl.obj : warning LNK4006: glad_glGetBufferSubData already defined in glad.obj; second definition ignored
gl.obj : warning LNK4006: glad_glGetCompressedTexImage already defined in glad.obj; second definition ignored
gl.obj : warning LNK4006: glad_glGetCompressedTextureImage already defined in glad.obj; second definition ignored
gl.obj : warning LNK4006: glad_glGetCompressedTextureSubImage already defined in glad.obj; second definition ignored
gl.obj : warning LNK4006: glad_glGetDebugMessageLog already defined in glad.obj; second definition ignored
gl.obj : warning LNK4006: glad_glGetDoublei_v already defined in glad.obj; second definition ignored
gl.obj : warning LNK4006: glad_glGetDoublev already defined in glad.obj; second definition ignored
gl.obj : warning LNK4006: glad_glGetError already defined in glad.obj; second definition ignored
gl.obj : warning LNK4006: glad_glGetFloati_v already defined in glad.obj; second definition ignored
gl.obj : warning LNK4006: glad_glGetFloatv already defined in glad.obj; second definition ignored
gl.obj : warning LNK4006: glad_glGetFragDataIndex already defined in glad.obj; second definition ignored
gl.obj : warning LNK4006: glad_glGetFragDataLocation already defined in glad.obj; second definition ignored
gl.obj : warning LNK4006: glad_glGetFramebufferAttachmentParameteriv already defined in glad.obj; second definition ignored
gl.obj : warning LNK4006: glad_glGetFramebufferParameteriv already defined in glad.obj; second definition ignored
gl.obj : warning LNK4006: glad_glGetGraphicsResetStatus already defined in glad.obj; second definition ignored
gl.obj : warning LNK4006: glad_glGetInteger64i_v already defined in glad.obj; second definition ignored
gl.obj : warning LNK4006: glad_glGetInteger64v already defined in glad.obj; second definition ignored
gl.obj : warning LNK4006: glad_glGetIntegeri_v already defined in glad.obj; second definition ignored
gl.obj : warning LNK4006: glad_glGetIntegerv already defined in glad.obj; second definition ignored
gl.obj : warning LNK4006: glad_glGetInternalformati64v already defined in glad.obj; second definition ignored
gl.obj : warning LNK4006: glad_glGetInternalformativ already defined in glad.obj; second definition ignored
gl.obj : warning LNK4006: glad_glGetMultisamplefv already defined in glad.obj; second definition ignored
gl.obj : warning LNK4006: glad_glGetNamedBufferParameteri64v already defined in glad.obj; second definition ignored
gl.obj : warning LNK4006: glad_glGetNamedBufferParameteriv already defined in glad.obj; second definition ignored
gl.obj : warning LNK4006: glad_glGetNamedBufferPointerv already defined in glad.obj; second definition ignored
gl.obj : warning LNK4006: glad_glGetNamedBufferSubData already defined in glad.obj; second definition ignored
gl.obj : warning LNK4006: glad_glGetNamedFramebufferAttachmentParameteriv already defined in glad.obj; second definition ignored
gl.obj : warning LNK4006: glad_glGetNamedFramebufferParameteriv already defined in glad.obj; second definition ignored
gl.obj : warning LNK4006: glad_glGetNamedRenderbufferParameteriv already defined in glad.obj; second definition ignored
gl.obj : warning LNK4006: glad_glGetObjectLabel already defined in glad.obj; second definition ignored
gl.obj : warning LNK4006: glad_glGetObjectPtrLabel already defined in glad.obj; second definition ignored
gl.obj : warning LNK4006: glad_glGetPointerv already defined in glad.obj; second definition ignored
gl.obj : warning LNK4006: glad_glGetProgramBinary already defined in glad.obj; second definition ignored
gl.obj : warning LNK4006: glad_glGetProgramInfoLog already defined in glad.obj; second definition ignored
gl.obj : warning LNK4006: glad_glGetProgramInterfaceiv already defined in glad.obj; second definition ignored
gl.obj : warning LNK4006: glad_glGetProgramPipelineInfoLog already defined in glad.obj; second definition ignored
gl.obj : warning LNK4006: glad_glGetProgramPipelineiv already defined in glad.obj; second definition ignored
gl.obj : warning LNK4006: glad_glGetProgramResourceIndex already defined in glad.obj; second definition ignored
gl.obj : warning LNK4006: glad_glGetProgramResourceLocation already defined in glad.obj; second definition ignored
gl.obj : warning LNK4006: glad_glGetProgramResourceLocationIndex already defined in glad.obj; second definition ignored
gl.obj : warning LNK4006: glad_glGetProgramResourceName already defined in glad.obj; second definition ignored
gl.obj : warning LNK4006: glad_glGetProgramResourceiv already defined in glad.obj; second definition ignored
gl.obj : warning LNK4006: glad_glGetProgramStageiv already defined in glad.obj; second definition ignored
gl.obj : warning LNK4006: glad_glGetProgramiv already defined in glad.obj; second definition ignored
gl.obj : warning LNK4006: glad_glGetQueryBufferObjecti64v already defined in glad.obj; second definition ignored
gl.obj : warning LNK4006: glad_glGetQueryBufferObjectiv already defined in glad.obj; second definition ignored
gl.obj : warning LNK4006: glad_glGetQueryBufferObjectui64v already defined in glad.obj; second definition ignored
gl.obj : warning LNK4006: glad_glGetQueryBufferObjectuiv already defined in glad.obj; second definition ignored
gl.obj : warning LNK4006: glad_glGetQueryIndexediv already defined in glad.obj; second definition ignored
gl.obj : warning LNK4006: glad_glGetQueryObjecti64v already defined in glad.obj; second definition ignored
gl.obj : warning LNK4006: glad_glGetQueryObjectiv already defined in glad.obj; second definition ignored
gl.obj : warning LNK4006: glad_glGetQueryObjectui64v already defined in glad.obj; second definition ignored
gl.obj : warning LNK4006: glad_glGetQueryObjectuiv already defined in glad.obj; second definition ignored
gl.obj : warning LNK4006: glad_glGetQueryiv already defined in glad.obj; second definition ignored
gl.obj : warning LNK4006: glad_glGetRenderbufferParameteriv already defined in glad.obj; second definition ignored
gl.obj : warning LNK4006: glad_glGetSamplerParameterIiv already defined in glad.obj; second definition ignored
gl.obj : warning LNK4006: glad_glGetSamplerParameterIuiv already defined in glad.obj; second definition ignored
gl.obj : warning LNK4006: glad_glGetSamplerParameterfv already defined in glad.obj; second definition ignored
gl.obj : warning LNK4006: glad_glGetSamplerParameteriv already defined in glad.obj; second definition ignored
gl.obj : warning LNK4006: glad_glGetShaderInfoLog already defined in glad.obj; second definition ignored
gl.obj : warning LNK4006: glad_glGetShaderPrecisionFormat already defined in glad.obj; second definition ignored
gl.obj : warning LNK4006: glad_glGetShaderSource already defined in glad.obj; second definition ignored
gl.obj : warning LNK4006: glad_glGetShaderiv already defined in glad.obj; second definition ignored
gl.obj : warning LNK4006: glad_glGetString already defined in glad.obj; second definition ignored
gl.obj : warning LNK4006: glad_glGetStringi already defined in glad.obj; second definition ignored
gl.obj : warning LNK4006: glad_glGetSubroutineIndex already defined in glad.obj; second definition ignored
gl.obj : warning LNK4006: glad_glGetSubroutineUniformLocation already defined in glad.obj; second definition ignored
gl.obj : warning LNK4006: glad_glGetSynciv already defined in glad.obj; second definition ignored
gl.obj : warning LNK4006: glad_glGetTexImage already defined in glad.obj; second definition ignored
gl.obj : warning LNK4006: glad_glGetTexLevelParameterfv already defined in glad.obj; second definition ignored
gl.obj : warning LNK4006: glad_glGetTexLevelParameteriv already defined in glad.obj; second definition ignored
gl.obj : warning LNK4006: glad_glGetTexParameterIiv already defined in glad.obj; second definition ignored
gl.obj : warning LNK4006: glad_glGetTexParameterIuiv already defined in glad.obj; second definition ignored
gl.obj : warning LNK4006: glad_glGetTexParameterfv already defined in glad.obj; second definition ignored
gl.obj : warning LNK4006: glad_glGetTexParameteriv already defined in glad.obj; second definition ignored
gl.obj : warning LNK4006: glad_glGetTextureImage already defined in glad.obj; second definition ignored
gl.obj : warning LNK4006: glad_glGetTextureLevelParameterfv already defined in glad.obj; second definition ignored
gl.obj : warning LNK4006: glad_glGetTextureLevelParameteriv already defined in glad.obj; second definition ignored
gl.obj : warning LNK4006: glad_glGetTextureParameterIiv already defined in glad.obj; second definition ignored
gl.obj : warning LNK4006: glad_glGetTextureParameterIuiv already defined in glad.obj; second definition ignored
gl.obj : warning LNK4006: glad_glGetTextureParameterfv already defined in glad.obj; second definition ignored
gl.obj : warning LNK4006: glad_glGetTextureParameteriv already defined in glad.obj; second definition ignored
gl.obj : warning LNK4006: glad_glGetTextureSubImage already defined in glad.obj; second definition ignored
gl.obj : warning LNK4006: glad_glGetTransformFeedbackVarying already defined in glad.obj; second definition ignored
gl.obj : warning LNK4006: glad_glGetTransformFeedbacki64_v already defined in glad.obj; second definition ignored
gl.obj : warning LNK4006: glad_glGetTransformFeedbacki_v already defined in glad.obj; second definition ignored
gl.obj : warning LNK4006: glad_glGetTransformFeedbackiv already defined in glad.obj; second definition ignored
gl.obj : warning LNK4006: glad_glGetUniformBlockIndex already defined in glad.obj; second definition ignored
gl.obj : warning LNK4006: glad_glGetUniformIndices already defined in glad.obj; second definition ignored
gl.obj : warning LNK4006: glad_glGetUniformLocation already defined in glad.obj; second definition ignored
gl.obj : warning LNK4006: glad_glGetUniformSubroutineuiv already defined in glad.obj; second definition ignored
gl.obj : warning LNK4006: glad_glGetUniformdv already defined in glad.obj; second definition ignored
gl.obj : warning LNK4006: glad_glGetUniformfv already defined in glad.obj; second definition ignored
gl.obj : warning LNK4006: glad_glGetUniformiv already defined in glad.obj; second definition ignored
gl.obj : warning LNK4006: glad_glGetUniformuiv already defined in glad.obj; second definition ignored
gl.obj : warning LNK4006: glad_glGetVertexArrayIndexed64iv already defined in glad.obj; second definition ignored
gl.obj : warning LNK4006: glad_glGetVertexArrayIndexediv already defined in glad.obj; second definition ignored
gl.obj : warning LNK4006: glad_glGetVertexArrayiv already defined in glad.obj; second definition ignored
gl.obj : warning LNK4006: glad_glGetVertexAttribIiv already defined in glad.obj; second definition ignored
gl.obj : warning LNK4006: glad_glGetVertexAttribIuiv already defined in glad.obj; second definition ignored
gl.obj : warning LNK4006: glad_glGetVertexAttribLdv already defined in glad.obj; second definition ignored
gl.obj : warning LNK4006: glad_glGetVertexAttribPointerv already defined in glad.obj; second definition ignored
gl.obj : warning LNK4006: glad_glGetVertexAttribdv already defined in glad.obj; second definition ignored
gl.obj : warning LNK4006: glad_glGetVertexAttribfv already defined in glad.obj; second definition ignored
gl.obj : warning LNK4006: glad_glGetVertexAttribiv already defined in glad.obj; second definition ignored
gl.obj : warning LNK4006: glad_glGetnCompressedTexImage already defined in glad.obj; second definition ignored
gl.obj : warning LNK4006: glad_glGetnTexImage already defined in glad.obj; second definition ignored
gl.obj : warning LNK4006: glad_glGetnUniformdv already defined in glad.obj; second definition ignored
gl.obj : warning LNK4006: glad_glGetnUniformfv already defined in glad.obj; second definition ignored
gl.obj : warning LNK4006: glad_glGetnUniformiv already defined in glad.obj; second definition ignored
gl.obj : warning LNK4006: glad_glGetnUniformuiv already defined in glad.obj; second definition ignored
gl.obj : warning LNK4006: glad_glHint already defined in glad.obj; second definition ignored
gl.obj : warning LNK4006: glad_glInvalidateBufferData already defined in glad.obj; second definition ignored
gl.obj : warning LNK4006: glad_glInvalidateBufferSubData already defined in glad.obj; second definition ignored
gl.obj : warning LNK4006: glad_glInvalidateFramebuffer already defined in glad.obj; second definition ignored
gl.obj : warning LNK4006: glad_glInvalidateNamedFramebufferData already defined in glad.obj; second definition ignored
gl.obj : warning LNK4006: glad_glInvalidateNamedFramebufferSubData already defined in glad.obj; second definition ignored
gl.obj : warning LNK4006: glad_glInvalidateSubFramebuffer already defined in glad.obj; second definition ignored
gl.obj : warning LNK4006: glad_glInvalidateTexImage already defined in glad.obj; second definition ignored
gl.obj : warning LNK4006: glad_glInvalidateTexSubImage already defined in glad.obj; second definition ignored
gl.obj : warning LNK4006: glad_glIsBuffer already defined in glad.obj; second definition ignored
gl.obj : warning LNK4006: glad_glIsEnabled already defined in glad.obj; second definition ignored
gl.obj : warning LNK4006: glad_glIsEnabledi already defined in glad.obj; second definition ignored
gl.obj : warning LNK4006: glad_glIsFramebuffer already defined in glad.obj; second definition ignored
gl.obj : warning LNK4006: glad_glIsProgram already defined in glad.obj; second definition ignored
gl.obj : warning LNK4006: glad_glIsProgramPipeline already defined in glad.obj; second definition ignored
gl.obj : warning LNK4006: glad_glIsQuery already defined in glad.obj; second definition ignored
gl.obj : warning LNK4006: glad_glIsRenderbuffer already defined in glad.obj; second definition ignored
gl.obj : warning LNK4006: glad_glIsSampler already defined in glad.obj; second definition ignored
gl.obj : warning LNK4006: glad_glIsShader already defined in glad.obj; second definition ignored
gl.obj : warning LNK4006: glad_glIsSync already defined in glad.obj; second definition ignored
gl.obj : warning LNK4006: glad_glIsTexture already defined in glad.obj; second definition ignored
gl.obj : warning LNK4006: glad_glIsTransformFeedback already defined in glad.obj; second definition ignored
gl.obj : warning LNK4006: glad_glIsVertexArray already defined in glad.obj; second definition ignored
gl.obj : warning LNK4006: glad_glLineWidth already defined in glad.obj; second definition ignored
gl.obj : warning LNK4006: glad_glLinkProgram already defined in glad.obj; second definition ignored
gl.obj : warning LNK4006: glad_glLogicOp already defined in glad.obj; second definition ignored
gl.obj : warning LNK4006: glad_glMapBuffer already defined in glad.obj; second definition ignored
gl.obj : warning LNK4006: glad_glMapBufferRange already defined in glad.obj; second definition ignored
gl.obj : warning LNK4006: glad_glMapNamedBuffer already defined in glad.obj; second definition ignored
gl.obj : warning LNK4006: glad_glMapNamedBufferRange already defined in glad.obj; second definition ignored
gl.obj : warning LNK4006: glad_glMemoryBarrier already defined in glad.obj; second definition ignored
gl.obj : warning LNK4006: glad_glMemoryBarrierByRegion already defined in glad.obj; second definition ignored
gl.obj : warning LNK4006: glad_glMinSampleShading already defined in glad.obj; second definition ignored
gl.obj : warning LNK4006: glad_glMultiDrawArrays already defined in glad.obj; second definition ignored
gl.obj : warning LNK4006: glad_glMultiDrawArraysIndirect already defined in glad.obj; second definition ignored
gl.obj : warning LNK4006: glad_glMultiDrawArraysIndirectCount already defined in glad.obj; second definition ignored
gl.obj : warning LNK4006: glad_glMultiDrawElements already defined in glad.obj; second definition ignored
gl.obj : warning LNK4006: glad_glMultiDrawElementsBaseVertex already defined in glad.obj; second definition ignored
gl.obj : warning LNK4006: glad_glMultiDrawElementsIndirect already defined in glad.obj; second definition ignored
gl.obj : warning LNK4006: glad_glMultiDrawElementsIndirectCount already defined in glad.obj; second definition ignored
gl.obj : warning LNK4006: glad_glNamedBufferData already defined in glad.obj; second definition ignored
gl.obj : warning LNK4006: glad_glNamedBufferStorage already defined in glad.obj; second definition ignored
gl.obj : warning LNK4006: glad_glNamedBufferSubData already defined in glad.obj; second definition ignored
gl.obj : warning LNK4006: glad_glNamedFramebufferDrawBuffer already defined in glad.obj; second definition ignored
gl.obj : warning LNK4006: glad_glNamedFramebufferDrawBuffers already defined in glad.obj; second definition ignored
gl.obj : warning LNK4006: glad_glNamedFramebufferParameteri already defined in glad.obj; second definition ignored
gl.obj : warning LNK4006: glad_glNamedFramebufferReadBuffer already defined in glad.obj; second definition ignored
gl.obj : warning LNK4006: glad_glNamedFramebufferRenderbuffer already defined in glad.obj; second definition ignored
gl.obj : warning LNK4006: glad_glNamedFramebufferTexture already defined in glad.obj; second definition ignored
gl.obj : warning LNK4006: glad_glNamedFramebufferTextureLayer already defined in glad.obj; second definition ignored
gl.obj : warning LNK4006: glad_glNamedRenderbufferStorage already defined in glad.obj; second definition ignored
gl.obj : warning LNK4006: glad_glNamedRenderbufferStorageMultisample already defined in glad.obj; second definition ignored
gl.obj : warning LNK4006: glad_glObjectLabel already defined in glad.obj; second definition ignored
gl.obj : warning LNK4006: glad_glObjectPtrLabel already defined in glad.obj; second definition ignored
gl.obj : warning LNK4006: glad_glPatchParameterfv already defined in glad.obj; second definition ignored
gl.obj : warning LNK4006: glad_glPatchParameteri already defined in glad.obj; second definition ignored
gl.obj : warning LNK4006: glad_glPauseTransformFeedback already defined in glad.obj; second definition ignored
gl.obj : warning LNK4006: glad_glPixelStoref already defined in glad.obj; second definition ignored
gl.obj : warning LNK4006: glad_glPixelStorei already defined in glad.obj; second definition ignored
gl.obj : warning LNK4006: glad_glPointParameterf already defined in glad.obj; second definition ignored
gl.obj : warning LNK4006: glad_glPointParameterfv already defined in glad.obj; second definition ignored
gl.obj : warning LNK4006: glad_glPointParameteri already defined in glad.obj; second definition ignored
gl.obj : warning LNK4006: glad_glPointParameteriv already defined in glad.obj; second definition ignored
gl.obj : warning LNK4006: glad_glPointSize already defined in glad.obj; second definition ignored
gl.obj : warning LNK4006: glad_glPolygonMode already defined in glad.obj; second definition ignored
gl.obj : warning LNK4006: glad_glPolygonOffset already defined in glad.obj; second definition ignored
gl.obj : warning LNK4006: glad_glPolygonOffsetClamp already defined in glad.obj; second definition ignored
gl.obj : warning LNK4006: glad_glPopDebugGroup already defined in glad.obj; second definition ignored
gl.obj : warning LNK4006: glad_glPrimitiveRestartIndex already defined in glad.obj; second definition ignored
gl.obj : warning LNK4006: glad_glProgramBinary already defined in glad.obj; second definition ignored
gl.obj : warning LNK4006: glad_glProgramParameteri already defined in glad.obj; second definition ignored
gl.obj : warning LNK4006: glad_glProgramUniform1d already defined in glad.obj; second definition ignored
gl.obj : warning LNK4006: glad_glProgramUniform1dv already defined in glad.obj; second definition ignored
gl.obj : warning LNK4006: glad_glProgramUniform1f already defined in glad.obj; second definition ignored
gl.obj : warning LNK4006: glad_glProgramUniform1fv already defined in glad.obj; second definition ignored
gl.obj : warning LNK4006: glad_glProgramUniform1i already defined in glad.obj; second definition ignored
gl.obj : warning LNK4006: glad_glProgramUniform1iv already defined in glad.obj; second definition ignored
gl.obj : warning LNK4006: glad_glProgramUniform1ui already defined in glad.obj; second definition ignored
gl.obj : warning LNK4006: glad_glProgramUniform1uiv already defined in glad.obj; second definition ignored
gl.obj : warning LNK4006: glad_glProgramUniform2d already defined in glad.obj; second definition ignored
gl.obj : warning LNK4006: glad_glProgramUniform2dv already defined in glad.obj; second definition ignored
gl.obj : warning LNK4006: glad_glProgramUniform2f already defined in glad.obj; second definition ignored
gl.obj : warning LNK4006: glad_glProgramUniform2fv already defined in glad.obj; second definition ignored
gl.obj : warning LNK4006: glad_glProgramUniform2i already defined in glad.obj; second definition ignored
gl.obj : warning LNK4006: glad_glProgramUniform2iv already defined in glad.obj; second definition ignored
gl.obj : warning LNK4006: glad_glProgramUniform2ui already defined in glad.obj; second definition ignored
gl.obj : warning LNK4006: glad_glProgramUniform2uiv already defined in glad.obj; second definition ignored
gl.obj : warning LNK4006: glad_glProgramUniform3d already defined in glad.obj; second definition ignored
gl.obj : warning LNK4006: glad_glProgramUniform3dv already defined in glad.obj; second definition ignored
gl.obj : warning LNK4006: glad_glProgramUniform3f already defined in glad.obj; second definition ignored
gl.obj : warning LNK4006: glad_glProgramUniform3fv already defined in glad.obj; second definition ignored
gl.obj : warning LNK4006: glad_glProgramUniform3i already defined in glad.obj; second definition ignored
gl.obj : warning LNK4006: glad_glProgramUniform3iv already defined in glad.obj; second definition ignored
gl.obj : warning LNK4006: glad_glProgramUniform3ui already defined in glad.obj; second definition ignored
gl.obj : warning LNK4006: glad_glProgramUniform3uiv already defined in glad.obj; second definition ignored
gl.obj : warning LNK4006: glad_glProgramUniform4d already defined in glad.obj; second definition ignored
gl.obj : warning LNK4006: glad_glProgramUniform4dv already defined in glad.obj; second definition ignored
gl.obj : warning LNK4006: glad_glProgramUniform4f already defined in glad.obj; second definition ignored
gl.obj : warning LNK4006: glad_glProgramUniform4fv already defined in glad.obj; second definition ignored
gl.obj : warning LNK4006: glad_glProgramUniform4i already defined in glad.obj; second definition ignored
gl.obj : warning LNK4006: glad_glProgramUniform4iv already defined in glad.obj; second definition ignored
gl.obj : warning LNK4006: glad_glProgramUniform4ui already defined in glad.obj; second definition ignored
gl.obj : warning LNK4006: glad_glProgramUniform4uiv already defined in glad.obj; second definition ignored
gl.obj : warning LNK4006: glad_glProgramUniformMatrix2dv already defined in glad.obj; second definition ignored
gl.obj : warning LNK4006: glad_glProgramUniformMatrix2fv already defined in glad.obj; second definition ignored
gl.obj : warning LNK4006: glad_glProgramUniformMatrix2x3dv already defined in glad.obj; second definition ignored
gl.obj : warning LNK4006: glad_glProgramUniformMatrix2x3fv already defined in glad.obj; second definition ignored
gl.obj : warning LNK4006: glad_glProgramUniformMatrix2x4dv already defined in glad.obj; second definition ignored
gl.obj : warning LNK4006: glad_glProgramUniformMatrix2x4fv already defined in glad.obj; second definition ignored
gl.obj : warning LNK4006: glad_glProgramUniformMatrix3dv already defined in glad.obj; second definition ignored
gl.obj : warning LNK4006: glad_glProgramUniformMatrix3fv already defined in glad.obj; second definition ignored
gl.obj : warning LNK4006: glad_glProgramUniformMatrix3x2dv already defined in glad.obj; second definition ignored
gl.obj : warning LNK4006: glad_glProgramUniformMatrix3x2fv already defined in glad.obj; second definition ignored
gl.obj : warning LNK4006: glad_glProgramUniformMatrix3x4dv already defined in glad.obj; second definition ignored
gl.obj : warning LNK4006: glad_glProgramUniformMatrix3x4fv already defined in glad.obj; second definition ignored
gl.obj : warning LNK4006: glad_glProgramUniformMatrix4dv already defined in glad.obj; second definition ignored
gl.obj : warning LNK4006: glad_glProgramUniformMatrix4fv already defined in glad.obj; second definition ignored
gl.obj : warning LNK4006: glad_glProgramUniformMatrix4x2dv already defined in glad.obj; second definition ignored
gl.obj : warning LNK4006: glad_glProgramUniformMatrix4x2fv already defined in glad.obj; second definition ignored
gl.obj : warning LNK4006: glad_glProgramUniformMatrix4x3dv already defined in glad.obj; second definition ignored
gl.obj : warning LNK4006: glad_glProgramUniformMatrix4x3fv already defined in glad.obj; second definition ignored
gl.obj : warning LNK4006: glad_glProvokingVertex already defined in glad.obj; second definition ignored
gl.obj : warning LNK4006: glad_glPushDebugGroup already defined in glad.obj; second definition ignored
gl.obj : warning LNK4006: glad_glQueryCounter already defined in glad.obj; second definition ignored
gl.obj : warning LNK4006: glad_glReadBuffer already defined in glad.obj; second definition ignored
gl.obj : warning LNK4006: glad_glReadPixels already defined in glad.obj; second definition ignored
gl.obj : warning LNK4006: glad_glReadnPixels already defined in glad.obj; second definition ignored
gl.obj : warning LNK4006: glad_glReleaseShaderCompiler already defined in glad.obj; second definition ignored
gl.obj : warning LNK4006: glad_glRenderbufferStorage already defined in glad.obj; second definition ignored
gl.obj : warning LNK4006: glad_glRenderbufferStorageMultisample already defined in glad.obj; second definition ignored
gl.obj : warning LNK4006: glad_glResumeTransformFeedback already defined in glad.obj; second definition ignored
gl.obj : warning LNK4006: glad_glSampleCoverage already defined in glad.obj; second definition ignored
gl.obj : warning LNK4006: glad_glSampleMaski already defined in glad.obj; second definition ignored
gl.obj : warning LNK4006: glad_glSamplerParameterIiv already defined in glad.obj; second definition ignored
gl.obj : warning LNK4006: glad_glSamplerParameterIuiv already defined in glad.obj; second definition ignored
gl.obj : warning LNK4006: glad_glSamplerParameterf already defined in glad.obj; second definition ignored
gl.obj : warning LNK4006: glad_glSamplerParameterfv already defined in glad.obj; second definition ignored
gl.obj : warning LNK4006: glad_glSamplerParameteri already defined in glad.obj; second definition ignored
gl.obj : warning LNK4006: glad_glSamplerParameteriv already defined in glad.obj; second definition ignored
gl.obj : warning LNK4006: glad_glScissor already defined in glad.obj; second definition ignored
gl.obj : warning LNK4006: glad_glScissorArrayv already defined in glad.obj; second definition ignored
gl.obj : warning LNK4006: glad_glScissorIndexed already defined in glad.obj; second definition ignored
gl.obj : warning LNK4006: glad_glScissorIndexedv already defined in glad.obj; second definition ignored
gl.obj : warning LNK4006: glad_glShaderBinary already defined in glad.obj; second definition ignored
gl.obj : warning LNK4006: glad_glShaderSource already defined in glad.obj; second definition ignored
gl.obj : warning LNK4006: glad_glShaderStorageBlockBinding already defined in glad.obj; second definition ignored
gl.obj : warning LNK4006: glad_glSpecializeShader already defined in glad.obj; second definition ignored
gl.obj : warning LNK4006: glad_glStencilFunc already defined in glad.obj; second definition ignored
gl.obj : warning LNK4006: glad_glStencilFuncSeparate already defined in glad.obj; second definition ignored
gl.obj : warning LNK4006: glad_glStencilMask already defined in glad.obj; second definition ignored
gl.obj : warning LNK4006: glad_glStencilMaskSeparate already defined in glad.obj; second definition ignored
gl.obj : warning LNK4006: glad_glStencilOp already defined in glad.obj; second definition ignored
gl.obj : warning LNK4006: glad_glStencilOpSeparate already defined in glad.obj; second definition ignored
gl.obj : warning LNK4006: glad_glTexBuffer already defined in glad.obj; second definition ignored
gl.obj : warning LNK4006: glad_glTexBufferRange already defined in glad.obj; second definition ignored
gl.obj : warning LNK4006: glad_glTexImage1D already defined in glad.obj; second definition ignored
gl.obj : warning LNK4006: glad_glTexImage2D already defined in glad.obj; second definition ignored
gl.obj : warning LNK4006: glad_glTexImage2DMultisample already defined in glad.obj; second definition ignored
gl.obj : warning LNK4006: glad_glTexImage3D already defined in glad.obj; second definition ignored
gl.obj : warning LNK4006: glad_glTexImage3DMultisample already defined in glad.obj; second definition ignored
gl.obj : warning LNK4006: glad_glTexParameterIiv already defined in glad.obj; second definition ignored
gl.obj : warning LNK4006: glad_glTexParameterIuiv already defined in glad.obj; second definition ignored
gl.obj : warning LNK4006: glad_glTexParameterf already defined in glad.obj; second definition ignored
gl.obj : warning LNK4006: glad_glTexParameterfv already defined in glad.obj; second definition ignored
gl.obj : warning LNK4006: glad_glTexParameteri already defined in glad.obj; second definition ignored
gl.obj : warning LNK4006: glad_glTexParameteriv already defined in glad.obj; second definition ignored
gl.obj : warning LNK4006: glad_glTexStorage1D already defined in glad.obj; second definition ignored
gl.obj : warning LNK4006: glad_glTexStorage2D already defined in glad.obj; second definition ignored
gl.obj : warning LNK4006: glad_glTexStorage2DMultisample already defined in glad.obj; second definition ignored
gl.obj : warning LNK4006: glad_glTexStorage3D already defined in glad.obj; second definition ignored
gl.obj : warning LNK4006: glad_glTexStorage3DMultisample already defined in glad.obj; second definition ignored
gl.obj : warning LNK4006: glad_glTexSubImage1D already defined in glad.obj; second definition ignored
gl.obj : warning LNK4006: glad_glTexSubImage2D already defined in glad.obj; second definition ignored
gl.obj : warning LNK4006: glad_glTexSubImage3D already defined in glad.obj; second definition ignored
gl.obj : warning LNK4006: glad_glTextureBarrier already defined in glad.obj; second definition ignored
gl.obj : warning LNK4006: glad_glTextureBuffer already defined in glad.obj; second definition ignored
gl.obj : warning LNK4006: glad_glTextureBufferRange already defined in glad.obj; second definition ignored
gl.obj : warning LNK4006: glad_glTextureParameterIiv already defined in glad.obj; second definition ignored
gl.obj : warning LNK4006: glad_glTextureParameterIuiv already defined in glad.obj; second definition ignored
gl.obj : warning LNK4006: glad_glTextureParameterf already defined in glad.obj; second definition ignored
gl.obj : warning LNK4006: glad_glTextureParameterfv already defined in glad.obj; second definition ignored
gl.obj : warning LNK4006: glad_glTextureParameteri already defined in glad.obj; second definition ignored
gl.obj : warning LNK4006: glad_glTextureParameteriv already defined in glad.obj; second definition ignored
gl.obj : warning LNK4006: glad_glTextureStorage1D already defined in glad.obj; second definition ignored
gl.obj : warning LNK4006: glad_glTextureStorage2D already defined in glad.obj; second definition ignored
gl.obj : warning LNK4006: glad_glTextureStorage2DMultisample already defined in glad.obj; second definition ignored
gl.obj : warning LNK4006: glad_glTextureStorage3D already defined in glad.obj; second definition ignored
gl.obj : warning LNK4006: glad_glTextureStorage3DMultisample already defined in glad.obj; second definition ignored
gl.obj : warning LNK4006: glad_glTextureSubImage1D already defined in glad.obj; second definition ignored
gl.obj : warning LNK4006: glad_glTextureSubImage2D already defined in glad.obj; second definition ignored
gl.obj : warning LNK4006: glad_glTextureSubImage3D already defined in glad.obj; second definition ignored
gl.obj : warning LNK4006: glad_glTextureView already defined in glad.obj; second definition ignored
gl.obj : warning LNK4006: glad_glTransformFeedbackBufferBase already defined in glad.obj; second definition ignored
gl.obj : warning LNK4006: glad_glTransformFeedbackBufferRange already defined in glad.obj; second definition ignored
gl.obj : warning LNK4006: glad_glTransformFeedbackVaryings already defined in glad.obj; second definition ignored
gl.obj : warning LNK4006: glad_glUniform1d already defined in glad.obj; second definition ignored
gl.obj : warning LNK4006: glad_glUniform1dv already defined in glad.obj; second definition ignored
gl.obj : warning LNK4006: glad_glUniform1f already defined in glad.obj; second definition ignored
gl.obj : warning LNK4006: glad_glUniform1fv already defined in glad.obj; second definition ignored
gl.obj : warning LNK4006: glad_glUniform1i already defined in glad.obj; second definition ignored
gl.obj : warning LNK4006: glad_glUniform1iv already defined in glad.obj; second definition ignored
gl.obj : warning LNK4006: glad_glUniform1ui already defined in glad.obj; second definition ignored
gl.obj : warning LNK4006: glad_glUniform1uiv already defined in glad.obj; second definition ignored
gl.obj : warning LNK4006: glad_glUniform2d already defined in glad.obj; second definition ignored
gl.obj : warning LNK4006: glad_glUniform2dv already defined in glad.obj; second definition ignored
gl.obj : warning LNK4006: glad_glUniform2f already defined in glad.obj; second definition ignored
gl.obj : warning LNK4006: glad_glUniform2fv already defined in glad.obj; second definition ignored
gl.obj : warning LNK4006: glad_glUniform2i already defined in glad.obj; second definition ignored
gl.obj : warning LNK4006: glad_glUniform2iv already defined in glad.obj; second definition ignored
gl.obj : warning LNK4006: glad_glUniform2ui already defined in glad.obj; second definition ignored
gl.obj : warning LNK4006: glad_glUniform2uiv already defined in glad.obj; second definition ignored
gl.obj : warning LNK4006: glad_glUniform3d already defined in glad.obj; second definition ignored
gl.obj : warning LNK4006: glad_glUniform3dv already defined in glad.obj; second definition ignored
gl.obj : warning LNK4006: glad_glUniform3f already defined in glad.obj; second definition ignored
gl.obj : warning LNK4006: glad_glUniform3fv already defined in glad.obj; second definition ignored
gl.obj : warning LNK4006: glad_glUniform3i already defined in glad.obj; second definition ignored
gl.obj : warning LNK4006: glad_glUniform3iv already defined in glad.obj; second definition ignored
gl.obj : warning LNK4006: glad_glUniform3ui already defined in glad.obj; second definition ignored
gl.obj : warning LNK4006: glad_glUniform3uiv already defined in glad.obj; second definition ignored
gl.obj : warning LNK4006: glad_glUniform4d already defined in glad.obj; second definition ignored
gl.obj : warning LNK4006: glad_glUniform4dv already defined in glad.obj; second definition ignored
gl.obj : warning LNK4006: glad_glUniform4f already defined in glad.obj; second definition ignored
gl.obj : warning LNK4006: glad_glUniform4fv already defined in glad.obj; second definition ignored
gl.obj : warning LNK4006: glad_glUniform4i already defined in glad.obj; second definition ignored
gl.obj : warning LNK4006: glad_glUniform4iv already defined in glad.obj; second definition ignored
gl.obj : warning LNK4006: glad_glUniform4ui already defined in glad.obj; second definition ignored
gl.obj : warning LNK4006: glad_glUniform4uiv already defined in glad.obj; second definition ignored
gl.obj : warning LNK4006: glad_glUniformBlockBinding already defined in glad.obj; second definition ignored
gl.obj : warning LNK4006: glad_glUniformMatrix2dv already defined in glad.obj; second definition ignored
gl.obj : warning LNK4006: glad_glUniformMatrix2fv already defined in glad.obj; second definition ignored
gl.obj : warning LNK4006: glad_glUniformMatrix2x3dv already defined in glad.obj; second definition ignored
gl.obj : warning LNK4006: glad_glUniformMatrix2x3fv already defined in glad.obj; second definition ignored
gl.obj : warning LNK4006: glad_glUniformMatrix2x4dv already defined in glad.obj; second definition ignored
gl.obj : warning LNK4006: glad_glUniformMatrix2x4fv already defined in glad.obj; second definition ignored
gl.obj : warning LNK4006: glad_glUniformMatrix3dv already defined in glad.obj; second definition ignored
gl.obj : warning LNK4006: glad_glUniformMatrix3fv already defined in glad.obj; second definition ignored
gl.obj : warning LNK4006: glad_glUniformMatrix3x2dv already defined in glad.obj; second definition ignored
gl.obj : warning LNK4006: glad_glUniformMatrix3x2fv already defined in glad.obj; second definition ignored
gl.obj : warning LNK4006: glad_glUniformMatrix3x4dv already defined in glad.obj; second definition ignored
gl.obj : warning LNK4006: glad_glUniformMatrix3x4fv already defined in glad.obj; second definition ignored
gl.obj : warning LNK4006: glad_glUniformMatrix4dv already defined in glad.obj; second definition ignored
gl.obj : warning LNK4006: glad_glUniformMatrix4fv already defined in glad.obj; second definition ignored
gl.obj : warning LNK4006: glad_glUniformMatrix4x2dv already defined in glad.obj; second definition ignored
gl.obj : warning LNK4006: glad_glUniformMatrix4x2fv already defined in glad.obj; second definition ignored
gl.obj : warning LNK4006: glad_glUniformMatrix4x3dv already defined in glad.obj; second definition ignored
gl.obj : warning LNK4006: glad_glUniformMatrix4x3fv already defined in glad.obj; second definition ignored
gl.obj : warning LNK4006: glad_glUniformSubroutinesuiv already defined in glad.obj; second definition ignored
gl.obj : warning LNK4006: glad_glUnmapBuffer already defined in glad.obj; second definition ignored
gl.obj : warning LNK4006: glad_glUnmapNamedBuffer already defined in glad.obj; second definition ignored
gl.obj : warning LNK4006: glad_glUseProgram already defined in glad.obj; second definition ignored
gl.obj : warning LNK4006: glad_glUseProgramStages already defined in glad.obj; second definition ignored
gl.obj : warning LNK4006: glad_glValidateProgram already defined in glad.obj; second definition ignored
gl.obj : warning LNK4006: glad_glValidateProgramPipeline already defined in glad.obj; second definition ignored
gl.obj : warning LNK4006: glad_glVertexArrayAttribBinding already defined in glad.obj; second definition ignored
gl.obj : warning LNK4006: glad_glVertexArrayAttribFormat already defined in glad.obj; second definition ignored
gl.obj : warning LNK4006: glad_glVertexArrayAttribIFormat already defined in glad.obj; second definition ignored
gl.obj : warning LNK4006: glad_glVertexArrayAttribLFormat already defined in glad.obj; second definition ignored
gl.obj : warning LNK4006: glad_glVertexArrayBindingDivisor already defined in glad.obj; second definition ignored
gl.obj : warning LNK4006: glad_glVertexArrayElementBuffer already defined in glad.obj; second definition ignored
gl.obj : warning LNK4006: glad_glVertexArrayVertexBuffer already defined in glad.obj; second definition ignored
gl.obj : warning LNK4006: glad_glVertexArrayVertexBuffers already defined in glad.obj; second definition ignored
gl.obj : warning LNK4006: glad_glVertexAttrib1d already defined in glad.obj; second definition ignored
gl.obj : warning LNK4006: glad_glVertexAttrib1dv already defined in glad.obj; second definition ignored
gl.obj : warning LNK4006: glad_glVertexAttrib1f already defined in glad.obj; second definition ignored
gl.obj : warning LNK4006: glad_glVertexAttrib1fv already defined in glad.obj; second definition ignored
gl.obj : warning LNK4006: glad_glVertexAttrib1s already defined in glad.obj; second definition ignored
gl.obj : warning LNK4006: glad_glVertexAttrib1sv already defined in glad.obj; second definition ignored
gl.obj : warning LNK4006: glad_glVertexAttrib2d already defined in glad.obj; second definition ignored
gl.obj : warning LNK4006: glad_glVertexAttrib2dv already defined in glad.obj; second definition ignored
gl.obj : warning LNK4006: glad_glVertexAttrib2f already defined in glad.obj; second definition ignored
gl.obj : warning LNK4006: glad_glVertexAttrib2fv already defined in glad.obj; second definition ignored
gl.obj : warning LNK4006: glad_glVertexAttrib2s already defined in glad.obj; second definition ignored
gl.obj : warning LNK4006: glad_glVertexAttrib2sv already defined in glad.obj; second definition ignored
gl.obj : warning LNK4006: glad_glVertexAttrib3d already defined in glad.obj; second definition ignored
gl.obj : warning LNK4006: glad_glVertexAttrib3dv already defined in glad.obj; second definition ignored
gl.obj : warning LNK4006: glad_glVertexAttrib3f already defined in glad.obj; second definition ignored
gl.obj : warning LNK4006: glad_glVertexAttrib3fv already defined in glad.obj; second definition ignored
gl.obj : warning LNK4006: glad_glVertexAttrib3s already defined in glad.obj; second definition ignored
gl.obj : warning LNK4006: glad_glVertexAttrib3sv already defined in glad.obj; second definition ignored
gl.obj : warning LNK4006: glad_glVertexAttrib4Nbv already defined in glad.obj; second definition ignored
gl.obj : warning LNK4006: glad_glVertexAttrib4Niv already defined in glad.obj; second definition ignored
gl.obj : warning LNK4006: glad_glVertexAttrib4Nsv already defined in glad.obj; second definition ignored
gl.obj : warning LNK4006: glad_glVertexAttrib4Nub already defined in glad.obj; second definition ignored
gl.obj : warning LNK4006: glad_glVertexAttrib4Nubv already defined in glad.obj; second definition ignored
gl.obj : warning LNK4006: glad_glVertexAttrib4Nuiv already defined in glad.obj; second definition ignored
gl.obj : warning LNK4006: glad_glVertexAttrib4Nusv already defined in glad.obj; second definition ignored
gl.obj : warning LNK4006: glad_glVertexAttrib4bv already defined in glad.obj; second definition ignored
gl.obj : warning LNK4006: glad_glVertexAttrib4d already defined in glad.obj; second definition ignored
gl.obj : warning LNK4006: glad_glVertexAttrib4dv already defined in glad.obj; second definition ignored
gl.obj : warning LNK4006: glad_glVertexAttrib4f already defined in glad.obj; second definition ignored
gl.obj : warning LNK4006: glad_glVertexAttrib4fv already defined in glad.obj; second definition ignored
gl.obj : warning LNK4006: glad_glVertexAttrib4iv already defined in glad.obj; second definition ignored
gl.obj : warning LNK4006: glad_glVertexAttrib4s already defined in glad.obj; second definition ignored
gl.obj : warning LNK4006: glad_glVertexAttrib4sv already defined in glad.obj; second definition ignored
gl.obj : warning LNK4006: glad_glVertexAttrib4ubv already defined in glad.obj; second definition ignored
gl.obj : warning LNK4006: glad_glVertexAttrib4uiv already defined in glad.obj; second definition ignored
gl.obj : warning LNK4006: glad_glVertexAttrib4usv already defined in glad.obj; second definition ignored
gl.obj : warning LNK4006: glad_glVertexAttribBinding already defined in glad.obj; second definition ignored
gl.obj : warning LNK4006: glad_glVertexAttribDivisor already defined in glad.obj; second definition ignored
gl.obj : warning LNK4006: glad_glVertexAttribFormat already defined in glad.obj; second definition ignored
gl.obj : warning LNK4006: glad_glVertexAttribI1i already defined in glad.obj; second definition ignored
gl.obj : warning LNK4006: glad_glVertexAttribI1iv already defined in glad.obj; second definition ignored
gl.obj : warning LNK4006: glad_glVertexAttribI1ui already defined in glad.obj; second definition ignored
gl.obj : warning LNK4006: glad_glVertexAttribI1uiv already defined in glad.obj; second definition ignored
gl.obj : warning LNK4006: glad_glVertexAttribI2i already defined in glad.obj; second definition ignored
gl.obj : warning LNK4006: glad_glVertexAttribI2iv already defined in glad.obj; second definition ignored
gl.obj : warning LNK4006: glad_glVertexAttribI2ui already defined in glad.obj; second definition ignored
gl.obj : warning LNK4006: glad_glVertexAttribI2uiv already defined in glad.obj; second definition ignored
gl.obj : warning LNK4006: glad_glVertexAttribI3i already defined in glad.obj; second definition ignored
gl.obj : warning LNK4006: glad_glVertexAttribI3iv already defined in glad.obj; second definition ignored
gl.obj : warning LNK4006: glad_glVertexAttribI3ui already defined in glad.obj; second definition ignored
gl.obj : warning LNK4006: glad_glVertexAttribI3uiv already defined in glad.obj; second definition ignored
gl.obj : warning LNK4006: glad_glVertexAttribI4bv already defined in glad.obj; second definition ignored
gl.obj : warning LNK4006: glad_glVertexAttribI4i already defined in glad.obj; second definition ignored
gl.obj : warning LNK4006: glad_glVertexAttribI4iv already defined in glad.obj; second definition ignored
gl.obj : warning LNK4006: glad_glVertexAttribI4sv already defined in glad.obj; second definition ignored
gl.obj : warning LNK4006: glad_glVertexAttribI4ubv already defined in glad.obj; second definition ignored
gl.obj : warning LNK4006: glad_glVertexAttribI4ui already defined in glad.obj; second definition ignored
gl.obj : warning LNK4006: glad_glVertexAttribI4uiv already defined in glad.obj; second definition ignored
gl.obj : warning LNK4006: glad_glVertexAttribI4usv already defined in glad.obj; second definition ignored
gl.obj : warning LNK4006: glad_glVertexAttribIFormat already defined in glad.obj; second definition ignored
gl.obj : warning LNK4006: glad_glVertexAttribIPointer already defined in glad.obj; second definition ignored
gl.obj : warning LNK4006: glad_glVertexAttribL1d already defined in glad.obj; second definition ignored
gl.obj : warning LNK4006: glad_glVertexAttribL1dv already defined in glad.obj; second definition ignored
gl.obj : warning LNK4006: glad_glVertexAttribL2d already defined in glad.obj; second definition ignored
gl.obj : warning LNK4006: glad_glVertexAttribL2dv already defined in glad.obj; second definition ignored
gl.obj : warning LNK4006: glad_glVertexAttribL3d already defined in glad.obj; second definition ignored
gl.obj : warning LNK4006: glad_glVertexAttribL3dv already defined in glad.obj; second definition ignored
gl.obj : warning LNK4006: glad_glVertexAttribL4d already defined in glad.obj; second definition ignored
gl.obj : warning LNK4006: glad_glVertexAttribL4dv already defined in glad.obj; second definition ignored
gl.obj : warning LNK4006: glad_glVertexAttribLFormat already defined in glad.obj; second definition ignored
gl.obj : warning LNK4006: glad_glVertexAttribLPointer already defined in glad.obj; second definition ignored
gl.obj : warning LNK4006: glad_glVertexAttribP1ui already defined in glad.obj; second definition ignored
gl.obj : warning LNK4006: glad_glVertexAttribP1uiv already defined in glad.obj; second definition ignored
gl.obj : warning LNK4006: glad_glVertexAttribP2ui already defined in glad.obj; second definition ignored
gl.obj : warning LNK4006: glad_glVertexAttribP2uiv already defined in glad.obj; second definition ignored
gl.obj : warning LNK4006: glad_glVertexAttribP3ui already defined in glad.obj; second definition ignored
gl.obj : warning LNK4006: glad_glVertexAttribP3uiv already defined in glad.obj; second definition ignored
gl.obj : warning LNK4006: glad_glVertexAttribP4ui already defined in glad.obj; second definition ignored
gl.obj : warning LNK4006: glad_glVertexAttribP4uiv already defined in glad.obj; second definition ignored
gl.obj : warning LNK4006: glad_glVertexAttribPointer already defined in glad.obj; second definition ignored
gl.obj : warning LNK4006: glad_glVertexBindingDivisor already defined in glad.obj; second definition ignored
gl.obj : warning LNK4006: glad_glViewport already defined in glad.obj; second definition ignored
gl.obj : warning LNK4006: glad_glViewportArrayv already defined in glad.obj; second definition ignored
gl.obj : warning LNK4006: glad_glViewportIndexedf already defined in glad.obj; second definition ignored
gl.obj : warning LNK4006: glad_glViewportIndexedfv already defined in glad.obj; second definition ignored
gl.obj : warning LNK4006: glad_glWaitSync already defined in glad.obj; second definition ignored
gl.obj : warning LNK4006: gladLoadGL already defined in glad.obj; second definition ignored
  glad.vcxproj -> C:\Users\Admin\Desktop\sample_selection_gpu\bin\glad\Debug\glad.lib
